<?xml version="1.0" encoding="UTF-8"?>
<testng-results ignored="0" total="2" passed="2" failed="0" skipped="0">
  <reporter-output>
  </reporter-output>
  <suite started-at="2024-06-22T23:23:34 IST" name="Default suite" finished-at="2024-06-22T23:24:45 IST" duration-ms="71245">
    <groups>
    </groups>
    <test started-at="2024-06-22T23:23:34 IST" name="Default test" finished-at="2024-06-22T23:24:45 IST" duration-ms="71245">
      <class name="test.HomeLogin">
        <test-method is-config="true" signature="setup()[pri:0, instance:test.HomeLogin@223191a6]" started-at="2024-06-22T23:23:34 IST" name="setup" finished-at="2024-06-22T23:23:38 IST" duration-ms="4011" status="PASS">
          <reporter-output>
          </reporter-output>
        </test-method> <!-- setup -->
        <test-method is-config="true" signature="urlloading()[pri:0, instance:test.HomeLogin@223191a6]" started-at="2024-06-22T23:23:38 IST" name="urlloading" finished-at="2024-06-22T23:23:46 IST" duration-ms="8539" status="PASS">
          <reporter-output>
          </reporter-output>
        </test-method> <!-- urlloading -->
        <test-method signature="testkurtas()[pri:0, instance:test.HomeLogin@223191a6]" started-at="2024-06-22T23:23:46 IST" name="testkurtas" finished-at="2024-06-22T23:23:59 IST" duration-ms="12740" status="PASS">
          <reporter-output>
          </reporter-output>
        </test-method> <!-- testkurtas -->
        <test-method is-config="true" signature="setup()[pri:0, instance:test.HomeLogin@223191a6]" started-at="2024-06-22T23:23:59 IST" name="setup" finished-at="2024-06-22T23:24:01 IST" duration-ms="1662" status="PASS">
          <reporter-output>
          </reporter-output>
        </test-method> <!-- setup -->
        <test-method is-config="true" signature="urlloading()[pri:0, instance:test.HomeLogin@223191a6]" started-at="2024-06-22T23:24:01 IST" name="urlloading" finished-at="2024-06-22T23:24:13 IST" duration-ms="11974" status="PASS">
          <reporter-output>
          </reporter-output>
        </test-method> <!-- urlloading -->
        <test-method signature="testlogin()[pri:0, instance:test.HomeLogin@223191a6]" started-at="2024-06-22T23:24:13 IST" name="testlogin" finished-at="2024-06-22T23:24:45 IST" duration-ms="32271" status="PASS">
          <reporter-output>
          </reporter-output>
        </test-method> <!-- testlogin -->
      </class> <!-- test.HomeLogin -->
    </test> <!-- Default test -->
  </suite> <!-- Default suite -->
</testng-results>
